<?xml version="1.0" encoding="UTF-8"?>
<!-- Generated by org.testng.reporters.JUnitXMLReporter -->
<testsuite ignored="0" hostname="DESKTOP-DGCF437" failures="4" tests="9" name="StandAloneTest" time="92.56" errors="0" timestamp="2023-10-09T19:57:49 IST">
  <testcase classname="SeleniumFrameworkDesign.Tests.StandAloneTest" name="submitOrder" time="2.575">
    <skipped/>
  </testcase> <!-- submitOrder -->
  <testcase classname="SeleniumFrameworkDesign.Tests.StandAloneTest" name="submitOrder" time="2.487">
    <failure type="org.openqa.selenium.ElementClickInterceptedException" message="Element &amp;lt;button class=&amp;quot;btn btn-custom&amp;quot;&amp;gt; is not clickable at point (1280,27) because another element &amp;lt;div class=&amp;quot;ngx-spinner-overlay ng-tns-c31-1 ng-trigger ng-trigger-fadeIn ng-star-inserted ng-animating&amp;quot;&amp;gt; obscures it
Build info: version: &amp;apos;4.10.0&amp;apos;, revision: &amp;apos;c14d967899&amp;apos;
System info: os.name: &amp;apos;Windows 10&amp;apos;, os.arch: &amp;apos;amd64&amp;apos;, os.version: &amp;apos;10.0&amp;apos;, java.version: &amp;apos;20.0.1&amp;apos;
Driver info: org.openqa.selenium.firefox.FirefoxDriver
Command: [3f01d507-e72c-4359-8378-f94e9072a554, clickElement {id=c08c29ab-eb4b-4492-ba81-1fa36b9f61ab}]
Capabilities {acceptInsecureCerts: true, browserName: firefox, browserVersion: 118.0.1, moz:accessibilityChecks: false, moz:buildID: 20230927232528, moz:debuggerAddress: 127.0.0.1:45702, moz:geckodriverVersion: 0.33.0, moz:headless: false, moz:platformVersion: 10.0, moz:processID: 17444, moz:profile: C:\Users\ADMIN\AppData\Loca..., moz:shutdownTimeout: 60000, moz:webdriverClick: true, moz:windowless: false, pageLoadStrategy: normal, platformName: windows, proxy: Proxy(), se:cdp: ws://127.0.0.1:45702/devtoo..., se:cdpVersion: 85.0, setWindowRect: true, strictFileInteractability: false, timeouts: {implicit: 0, pageLoad: 300000, script: 30000}, unhandledPromptBehavior: dismiss and notify}
Element: [[FirefoxDriver: firefox on windows (3f01d507-e72c-4359-8378-f94e9072a554)] -&amp;gt; css selector: [routerlink*=&amp;apos;cart&amp;apos;]]
Session ID: 3f01d507-e72c-4359-8378-f94e9072a554">
      <![CDATA[org.openqa.selenium.ElementClickInterceptedException: Element <button class="btn btn-custom"> is not clickable at point (1280,27) because another element <div class="ngx-spinner-overlay ng-tns-c31-1 ng-trigger ng-trigger-fadeIn ng-star-inserted ng-animating"> obscures it
Build info: version: '4.10.0', revision: 'c14d967899'
System info: os.name: 'Windows 10', os.arch: 'amd64', os.version: '10.0', java.version: '20.0.1'
Driver info: org.openqa.selenium.firefox.FirefoxDriver
Command: [3f01d507-e72c-4359-8378-f94e9072a554, clickElement {id=c08c29ab-eb4b-4492-ba81-1fa36b9f61ab}]
Capabilities {acceptInsecureCerts: true, browserName: firefox, browserVersion: 118.0.1, moz:accessibilityChecks: false, moz:buildID: 20230927232528, moz:debuggerAddress: 127.0.0.1:45702, moz:geckodriverVersion: 0.33.0, moz:headless: false, moz:platformVersion: 10.0, moz:processID: 17444, moz:profile: C:\Users\ADMIN\AppData\Loca..., moz:shutdownTimeout: 60000, moz:webdriverClick: true, moz:windowless: false, pageLoadStrategy: normal, platformName: windows, proxy: Proxy(), se:cdp: ws://127.0.0.1:45702/devtoo..., se:cdpVersion: 85.0, setWindowRect: true, strictFileInteractability: false, timeouts: {implicit: 0, pageLoad: 300000, script: 30000}, unhandledPromptBehavior: dismiss and notify}
Element: [[FirefoxDriver: firefox on windows (3f01d507-e72c-4359-8378-f94e9072a554)] -> css selector: [routerlink*='cart']]
Session ID: 3f01d507-e72c-4359-8378-f94e9072a554
at org.openqa.selenium.remote.codec.w3c.W3CHttpResponseCodec.createException(W3CHttpResponseCodec.java:199)
at org.openqa.selenium.remote.codec.w3c.W3CHttpResponseCodec.decode(W3CHttpResponseCodec.java:132)
at org.openqa.selenium.remote.codec.w3c.W3CHttpResponseCodec.decode(W3CHttpResponseCodec.java:51)
at org.openqa.selenium.remote.HttpCommandExecutor.execute(HttpCommandExecutor.java:191)
at org.openqa.selenium.remote.service.DriverCommandExecutor.invokeExecute(DriverCommandExecutor.java:196)
at org.openqa.selenium.remote.service.DriverCommandExecutor.execute(DriverCommandExecutor.java:171)
at org.openqa.selenium.remote.RemoteWebDriver.execute(RemoteWebDriver.java:531)
at org.openqa.selenium.remote.RemoteWebElement.execute(RemoteWebElement.java:242)
at org.openqa.selenium.remote.RemoteWebElement.click(RemoteWebElement.java:77)
at org.openqa.selenium.support.pagefactory.internal.LocatingElementHandler.invoke(LocatingElementHandler.java:51)
at jdk.proxy2/jdk.proxy2.$Proxy19.click(Unknown Source)
at SeleniumFrameworkDesign.AbstractComponents.AbstractComponent.goToCart(AbstractComponent.java:58)
at SeleniumFrameworkDesign.Tests.StandAloneTest.submitOrder(StandAloneTest.java:50)
at java.base/java.util.ArrayList.forEach(ArrayList.java:1511)
... Removed 30 stack frames]]>
    </failure>
  </testcase> <!-- submitOrder -->
  <testcase classname="SeleniumFrameworkDesign.Tests.StandAloneTest" name="submitOrder" time="2.29">
    <skipped/>
  </testcase> <!-- submitOrder -->
  <testcase classname="SeleniumFrameworkDesign.Tests.StandAloneTest" name="submitOrder" time="2.436">
    <failure type="org.openqa.selenium.ElementClickInterceptedException" message="Element &amp;lt;button class=&amp;quot;btn btn-custom&amp;quot;&amp;gt; is not clickable at point (1280,27) because another element &amp;lt;div class=&amp;quot;ngx-spinner-overlay ng-tns-c31-1 ng-trigger ng-trigger-fadeIn ng-star-inserted&amp;quot;&amp;gt; obscures it
Build info: version: &amp;apos;4.10.0&amp;apos;, revision: &amp;apos;c14d967899&amp;apos;
System info: os.name: &amp;apos;Windows 10&amp;apos;, os.arch: &amp;apos;amd64&amp;apos;, os.version: &amp;apos;10.0&amp;apos;, java.version: &amp;apos;20.0.1&amp;apos;
Driver info: org.openqa.selenium.firefox.FirefoxDriver
Command: [6621a47d-9c6d-41d1-bf72-dfe2a95c5950, clickElement {id=2b451da8-836b-4253-b09f-5652c263bbf8}]
Capabilities {acceptInsecureCerts: true, browserName: firefox, browserVersion: 118.0.1, moz:accessibilityChecks: false, moz:buildID: 20230927232528, moz:debuggerAddress: 127.0.0.1:42905, moz:geckodriverVersion: 0.33.0, moz:headless: false, moz:platformVersion: 10.0, moz:processID: 5796, moz:profile: C:\Users\ADMIN\AppData\Loca..., moz:shutdownTimeout: 60000, moz:webdriverClick: true, moz:windowless: false, pageLoadStrategy: normal, platformName: windows, proxy: Proxy(), se:cdp: ws://127.0.0.1:42905/devtoo..., se:cdpVersion: 85.0, setWindowRect: true, strictFileInteractability: false, timeouts: {implicit: 0, pageLoad: 300000, script: 30000}, unhandledPromptBehavior: dismiss and notify}
Element: [[FirefoxDriver: firefox on windows (6621a47d-9c6d-41d1-bf72-dfe2a95c5950)] -&amp;gt; css selector: [routerlink*=&amp;apos;cart&amp;apos;]]
Session ID: 6621a47d-9c6d-41d1-bf72-dfe2a95c5950">
      <![CDATA[org.openqa.selenium.ElementClickInterceptedException: Element <button class="btn btn-custom"> is not clickable at point (1280,27) because another element <div class="ngx-spinner-overlay ng-tns-c31-1 ng-trigger ng-trigger-fadeIn ng-star-inserted"> obscures it
Build info: version: '4.10.0', revision: 'c14d967899'
System info: os.name: 'Windows 10', os.arch: 'amd64', os.version: '10.0', java.version: '20.0.1'
Driver info: org.openqa.selenium.firefox.FirefoxDriver
Command: [6621a47d-9c6d-41d1-bf72-dfe2a95c5950, clickElement {id=2b451da8-836b-4253-b09f-5652c263bbf8}]
Capabilities {acceptInsecureCerts: true, browserName: firefox, browserVersion: 118.0.1, moz:accessibilityChecks: false, moz:buildID: 20230927232528, moz:debuggerAddress: 127.0.0.1:42905, moz:geckodriverVersion: 0.33.0, moz:headless: false, moz:platformVersion: 10.0, moz:processID: 5796, moz:profile: C:\Users\ADMIN\AppData\Loca..., moz:shutdownTimeout: 60000, moz:webdriverClick: true, moz:windowless: false, pageLoadStrategy: normal, platformName: windows, proxy: Proxy(), se:cdp: ws://127.0.0.1:42905/devtoo..., se:cdpVersion: 85.0, setWindowRect: true, strictFileInteractability: false, timeouts: {implicit: 0, pageLoad: 300000, script: 30000}, unhandledPromptBehavior: dismiss and notify}
Element: [[FirefoxDriver: firefox on windows (6621a47d-9c6d-41d1-bf72-dfe2a95c5950)] -> css selector: [routerlink*='cart']]
Session ID: 6621a47d-9c6d-41d1-bf72-dfe2a95c5950
at org.openqa.selenium.remote.codec.w3c.W3CHttpResponseCodec.createException(W3CHttpResponseCodec.java:199)
at org.openqa.selenium.remote.codec.w3c.W3CHttpResponseCodec.decode(W3CHttpResponseCodec.java:132)
at org.openqa.selenium.remote.codec.w3c.W3CHttpResponseCodec.decode(W3CHttpResponseCodec.java:51)
at org.openqa.selenium.remote.HttpCommandExecutor.execute(HttpCommandExecutor.java:191)
at org.openqa.selenium.remote.service.DriverCommandExecutor.invokeExecute(DriverCommandExecutor.java:196)
at org.openqa.selenium.remote.service.DriverCommandExecutor.execute(DriverCommandExecutor.java:171)
at org.openqa.selenium.remote.RemoteWebDriver.execute(RemoteWebDriver.java:531)
at org.openqa.selenium.remote.RemoteWebElement.execute(RemoteWebElement.java:242)
at org.openqa.selenium.remote.RemoteWebElement.click(RemoteWebElement.java:77)
at org.openqa.selenium.support.pagefactory.internal.LocatingElementHandler.invoke(LocatingElementHandler.java:51)
at jdk.proxy2/jdk.proxy2.$Proxy19.click(Unknown Source)
at SeleniumFrameworkDesign.AbstractComponents.AbstractComponent.goToCart(AbstractComponent.java:58)
at SeleniumFrameworkDesign.Tests.StandAloneTest.submitOrder(StandAloneTest.java:50)
at java.base/java.util.ArrayList.forEach(ArrayList.java:1511)
... Removed 30 stack frames]]>
    </failure>
  </testcase> <!-- submitOrder -->
  <testcase classname="SeleniumFrameworkDesign.Tests.StandAloneTest" name="submitOrder" time="2.425">
    <skipped/>
  </testcase> <!-- submitOrder -->
  <testcase classname="SeleniumFrameworkDesign.Tests.StandAloneTest" name="submitOrder" time="2.433">
    <failure type="org.openqa.selenium.ElementClickInterceptedException" message="Element &amp;lt;button class=&amp;quot;btn btn-custom&amp;quot;&amp;gt; is not clickable at point (1280,27) because another element &amp;lt;div class=&amp;quot;ngx-spinner-overlay ng-tns-c31-1 ng-trigger ng-trigger-fadeIn ng-star-inserted&amp;quot;&amp;gt; obscures it
Build info: version: &amp;apos;4.10.0&amp;apos;, revision: &amp;apos;c14d967899&amp;apos;
System info: os.name: &amp;apos;Windows 10&amp;apos;, os.arch: &amp;apos;amd64&amp;apos;, os.version: &amp;apos;10.0&amp;apos;, java.version: &amp;apos;20.0.1&amp;apos;
Driver info: org.openqa.selenium.firefox.FirefoxDriver
Command: [22df0bd0-2ce5-4988-9a29-84527507f933, clickElement {id=bd9b3746-9755-4e81-b743-3ea83365df8c}]
Capabilities {acceptInsecureCerts: true, browserName: firefox, browserVersion: 118.0.1, moz:accessibilityChecks: false, moz:buildID: 20230927232528, moz:debuggerAddress: 127.0.0.1:35968, moz:geckodriverVersion: 0.33.0, moz:headless: false, moz:platformVersion: 10.0, moz:processID: 17224, moz:profile: C:\Users\ADMIN\AppData\Loca..., moz:shutdownTimeout: 60000, moz:webdriverClick: true, moz:windowless: false, pageLoadStrategy: normal, platformName: windows, proxy: Proxy(), se:cdp: ws://127.0.0.1:35968/devtoo..., se:cdpVersion: 85.0, setWindowRect: true, strictFileInteractability: false, timeouts: {implicit: 0, pageLoad: 300000, script: 30000}, unhandledPromptBehavior: dismiss and notify}
Element: [[FirefoxDriver: firefox on windows (22df0bd0-2ce5-4988-9a29-84527507f933)] -&amp;gt; css selector: [routerlink*=&amp;apos;cart&amp;apos;]]
Session ID: 22df0bd0-2ce5-4988-9a29-84527507f933">
      <![CDATA[org.openqa.selenium.ElementClickInterceptedException: Element <button class="btn btn-custom"> is not clickable at point (1280,27) because another element <div class="ngx-spinner-overlay ng-tns-c31-1 ng-trigger ng-trigger-fadeIn ng-star-inserted"> obscures it
Build info: version: '4.10.0', revision: 'c14d967899'
System info: os.name: 'Windows 10', os.arch: 'amd64', os.version: '10.0', java.version: '20.0.1'
Driver info: org.openqa.selenium.firefox.FirefoxDriver
Command: [22df0bd0-2ce5-4988-9a29-84527507f933, clickElement {id=bd9b3746-9755-4e81-b743-3ea83365df8c}]
Capabilities {acceptInsecureCerts: true, browserName: firefox, browserVersion: 118.0.1, moz:accessibilityChecks: false, moz:buildID: 20230927232528, moz:debuggerAddress: 127.0.0.1:35968, moz:geckodriverVersion: 0.33.0, moz:headless: false, moz:platformVersion: 10.0, moz:processID: 17224, moz:profile: C:\Users\ADMIN\AppData\Loca..., moz:shutdownTimeout: 60000, moz:webdriverClick: true, moz:windowless: false, pageLoadStrategy: normal, platformName: windows, proxy: Proxy(), se:cdp: ws://127.0.0.1:35968/devtoo..., se:cdpVersion: 85.0, setWindowRect: true, strictFileInteractability: false, timeouts: {implicit: 0, pageLoad: 300000, script: 30000}, unhandledPromptBehavior: dismiss and notify}
Element: [[FirefoxDriver: firefox on windows (22df0bd0-2ce5-4988-9a29-84527507f933)] -> css selector: [routerlink*='cart']]
Session ID: 22df0bd0-2ce5-4988-9a29-84527507f933
at org.openqa.selenium.remote.codec.w3c.W3CHttpResponseCodec.createException(W3CHttpResponseCodec.java:199)
at org.openqa.selenium.remote.codec.w3c.W3CHttpResponseCodec.decode(W3CHttpResponseCodec.java:132)
at org.openqa.selenium.remote.codec.w3c.W3CHttpResponseCodec.decode(W3CHttpResponseCodec.java:51)
at org.openqa.selenium.remote.HttpCommandExecutor.execute(HttpCommandExecutor.java:191)
at org.openqa.selenium.remote.service.DriverCommandExecutor.invokeExecute(DriverCommandExecutor.java:196)
at org.openqa.selenium.remote.service.DriverCommandExecutor.execute(DriverCommandExecutor.java:171)
at org.openqa.selenium.remote.RemoteWebDriver.execute(RemoteWebDriver.java:531)
at org.openqa.selenium.remote.RemoteWebElement.execute(RemoteWebElement.java:242)
at org.openqa.selenium.remote.RemoteWebElement.click(RemoteWebElement.java:77)
at org.openqa.selenium.support.pagefactory.internal.LocatingElementHandler.invoke(LocatingElementHandler.java:51)
at jdk.proxy2/jdk.proxy2.$Proxy19.click(Unknown Source)
at SeleniumFrameworkDesign.AbstractComponents.AbstractComponent.goToCart(AbstractComponent.java:58)
at SeleniumFrameworkDesign.Tests.StandAloneTest.submitOrder(StandAloneTest.java:50)
at java.base/java.util.ArrayList.forEach(ArrayList.java:1511)
... Removed 30 stack frames]]>
    </failure>
  </testcase> <!-- submitOrder -->
  <testcase classname="SeleniumFrameworkDesign.Tests.StandAloneTest" name="submitOrder" time="2.522">
    <skipped/>
  </testcase> <!-- submitOrder -->
  <testcase classname="SeleniumFrameworkDesign.Tests.StandAloneTest" name="submitOrder" time="2.571">
    <failure type="org.openqa.selenium.ElementClickInterceptedException" message="Element &amp;lt;button class=&amp;quot;btn btn-custom&amp;quot;&amp;gt; is not clickable at point (1280,27) because another element &amp;lt;div class=&amp;quot;ngx-spinner-overlay ng-tns-c31-1 ng-trigger ng-trigger-fadeIn ng-star-inserted&amp;quot;&amp;gt; obscures it
Build info: version: &amp;apos;4.10.0&amp;apos;, revision: &amp;apos;c14d967899&amp;apos;
System info: os.name: &amp;apos;Windows 10&amp;apos;, os.arch: &amp;apos;amd64&amp;apos;, os.version: &amp;apos;10.0&amp;apos;, java.version: &amp;apos;20.0.1&amp;apos;
Driver info: org.openqa.selenium.firefox.FirefoxDriver
Command: [6d0ef295-71e2-4ee6-95d0-52d9fd12f1af, clickElement {id=3d3da21a-2b08-42d5-8cbc-5097193dbf9f}]
Capabilities {acceptInsecureCerts: true, browserName: firefox, browserVersion: 118.0.1, moz:accessibilityChecks: false, moz:buildID: 20230927232528, moz:debuggerAddress: 127.0.0.1:48468, moz:geckodriverVersion: 0.33.0, moz:headless: false, moz:platformVersion: 10.0, moz:processID: 12600, moz:profile: C:\Users\ADMIN\AppData\Loca..., moz:shutdownTimeout: 60000, moz:webdriverClick: true, moz:windowless: false, pageLoadStrategy: normal, platformName: windows, proxy: Proxy(), se:cdp: ws://127.0.0.1:48468/devtoo..., se:cdpVersion: 85.0, setWindowRect: true, strictFileInteractability: false, timeouts: {implicit: 0, pageLoad: 300000, script: 30000}, unhandledPromptBehavior: dismiss and notify}
Element: [[FirefoxDriver: firefox on windows (6d0ef295-71e2-4ee6-95d0-52d9fd12f1af)] -&amp;gt; css selector: [routerlink*=&amp;apos;cart&amp;apos;]]
Session ID: 6d0ef295-71e2-4ee6-95d0-52d9fd12f1af">
      <![CDATA[org.openqa.selenium.ElementClickInterceptedException: Element <button class="btn btn-custom"> is not clickable at point (1280,27) because another element <div class="ngx-spinner-overlay ng-tns-c31-1 ng-trigger ng-trigger-fadeIn ng-star-inserted"> obscures it
Build info: version: '4.10.0', revision: 'c14d967899'
System info: os.name: 'Windows 10', os.arch: 'amd64', os.version: '10.0', java.version: '20.0.1'
Driver info: org.openqa.selenium.firefox.FirefoxDriver
Command: [6d0ef295-71e2-4ee6-95d0-52d9fd12f1af, clickElement {id=3d3da21a-2b08-42d5-8cbc-5097193dbf9f}]
Capabilities {acceptInsecureCerts: true, browserName: firefox, browserVersion: 118.0.1, moz:accessibilityChecks: false, moz:buildID: 20230927232528, moz:debuggerAddress: 127.0.0.1:48468, moz:geckodriverVersion: 0.33.0, moz:headless: false, moz:platformVersion: 10.0, moz:processID: 12600, moz:profile: C:\Users\ADMIN\AppData\Loca..., moz:shutdownTimeout: 60000, moz:webdriverClick: true, moz:windowless: false, pageLoadStrategy: normal, platformName: windows, proxy: Proxy(), se:cdp: ws://127.0.0.1:48468/devtoo..., se:cdpVersion: 85.0, setWindowRect: true, strictFileInteractability: false, timeouts: {implicit: 0, pageLoad: 300000, script: 30000}, unhandledPromptBehavior: dismiss and notify}
Element: [[FirefoxDriver: firefox on windows (6d0ef295-71e2-4ee6-95d0-52d9fd12f1af)] -> css selector: [routerlink*='cart']]
Session ID: 6d0ef295-71e2-4ee6-95d0-52d9fd12f1af
at org.openqa.selenium.remote.codec.w3c.W3CHttpResponseCodec.createException(W3CHttpResponseCodec.java:199)
at org.openqa.selenium.remote.codec.w3c.W3CHttpResponseCodec.decode(W3CHttpResponseCodec.java:132)
at org.openqa.selenium.remote.codec.w3c.W3CHttpResponseCodec.decode(W3CHttpResponseCodec.java:51)
at org.openqa.selenium.remote.HttpCommandExecutor.execute(HttpCommandExecutor.java:191)
at org.openqa.selenium.remote.service.DriverCommandExecutor.invokeExecute(DriverCommandExecutor.java:196)
at org.openqa.selenium.remote.service.DriverCommandExecutor.execute(DriverCommandExecutor.java:171)
at org.openqa.selenium.remote.RemoteWebDriver.execute(RemoteWebDriver.java:531)
at org.openqa.selenium.remote.RemoteWebElement.execute(RemoteWebElement.java:242)
at org.openqa.selenium.remote.RemoteWebElement.click(RemoteWebElement.java:77)
at org.openqa.selenium.support.pagefactory.internal.LocatingElementHandler.invoke(LocatingElementHandler.java:51)
at jdk.proxy2/jdk.proxy2.$Proxy19.click(Unknown Source)
at SeleniumFrameworkDesign.AbstractComponents.AbstractComponent.goToCart(AbstractComponent.java:58)
at SeleniumFrameworkDesign.Tests.StandAloneTest.submitOrder(StandAloneTest.java:50)
at java.base/java.util.ArrayList.forEach(ArrayList.java:1511)
... Removed 30 stack frames]]>
    </failure>
  </testcase> <!-- submitOrder -->
  <testcase classname="SeleniumFrameworkDesign.Tests.StandAloneTest" name="OrderHistoryTest" time="0.0">
    <skipped/>
  </testcase> <!-- OrderHistoryTest -->
</testsuite> <!-- StandAloneTest -->
