<?xml version="1.0" encoding="UTF-8"?>
<!-- Generated by org.testng.reporters.JUnitXMLReporter -->
<testsuite ignored="0" hostname="DESKTOP-DGCF437" failures="0" tests="2" name="Error validation Test" time="13.236" errors="0" timestamp="2023-10-09T20:00:11 IST">
  <testcase classname="SeleniumFrameworkDesign.Tests.ErrorValidationTests" name="LoginErrorValidation" time="0.437"/>
  <testcase classname="SeleniumFrameworkDesign.Tests.ErrorValidationTests" name="ProductErrorValidation" time="2.062"/>
</testsuite> <!-- Error validation Test -->
