<?xml version="1.0" encoding="UTF-8"?>
<!-- Generated by org.testng.reporters.JUnitXMLReporter -->
<testsuite ignored="0" hostname="DESKTOP-DGCF437" failures="0" tests="2" name="ErrorValidationTests" time="20.844" errors="0" timestamp="2023-11-19T00:00:29 IST">
  <testcase classname="SeleniumFrameworkDesign.Tests.ErrorValidationTests" name="LoginErrorValidation" time="0.639"/>
  <testcase classname="SeleniumFrameworkDesign.Tests.ErrorValidationTests" name="ProductErrorValidation" time="2.382"/>
</testsuite> <!-- ErrorValidationTests -->
