<?xml version="1.0" encoding="UTF-8"?>
<!-- Generated by org.testng.reporters.JUnitXMLReporter -->
<testsuite ignored="0" hostname="DESKTOP-DGCF437" failures="0" tests="6" name="StandAloneTest" time="52.991" errors="0" timestamp="2023-10-09T19:59:57 IST">
  <testcase classname="SeleniumFrameworkDesign.Tests.StandAloneTest" name="submitOrder" time="3.991"/>
  <testcase classname="SeleniumFrameworkDesign.Tests.StandAloneTest" name="submitOrder" time="3.77"/>
  <testcase classname="SeleniumFrameworkDesign.Tests.StandAloneTest" name="submitOrder" time="3.823"/>
  <testcase classname="SeleniumFrameworkDesign.Tests.StandAloneTest" name="submitOrder" time="2.062">
    <skipped/>
  </testcase> <!-- submitOrder -->
  <testcase classname="SeleniumFrameworkDesign.Tests.StandAloneTest" name="submitOrder" time="3.328"/>
  <testcase classname="SeleniumFrameworkDesign.Tests.StandAloneTest" name="OrderHistoryTest" time="0.838"/>
</testsuite> <!-- StandAloneTest -->
